[debug] [2023-01-25T08:57:31.088Z] ----------------------------------------------------------------------
[debug] [2023-01-25T08:57:31.089Z] Command:       /usr/local/bin/node /usr/local/bin/firebase init
[debug] [2023-01-25T08:57:31.089Z] CLI Version:   11.21.0
[debug] [2023-01-25T08:57:31.089Z] Platform:      darwin
[debug] [2023-01-25T08:57:31.089Z] Node Version:  v16.16.0
[debug] [2023-01-25T08:57:31.090Z] Time:          Wed Jan 25 2023 16:57:31 GMT+0800 (台北標準時間)
[debug] [2023-01-25T08:57:31.090Z] ----------------------------------------------------------------------
[debug] 
[debug] [2023-01-25T08:57:31.093Z] > command requires scopes: ["email","openid","https://www.googleapis.com/auth/cloudplatformprojects.readonly","https://www.googleapis.com/auth/firebase","https://www.googleapis.com/auth/cloud-platform"]
[debug] [2023-01-25T08:57:31.093Z] > authorizing via signed-in user (hana840101@gmail.com)
[info] 
     ######## #### ########  ######## ########     ###     ######  ########
     ##        ##  ##     ## ##       ##     ##  ##   ##  ##       ##
     ######    ##  ########  ######   ########  #########  ######  ######
     ##        ##  ##    ##  ##       ##     ## ##     ##       ## ##
     ##       #### ##     ## ######## ########  ##     ##  ######  ########

You're about to initialize a Firebase project in this directory:

  /Users/huitingchiu/Desktop/wehelp/fianl_project

[info] 
=== Project Setup
[info] 
[info] First, let's associate this project directory with a Firebase project.
[info] You can create multiple project aliases by running firebase use --add, 
[info] but for now we'll just set up a default project.
[info] 
[debug] [2023-01-25T08:57:36.964Z] >>> [apiv2][query] GET https://firebase.googleapis.com/v1beta1/projects pageSize=100
[debug] [2023-01-25T08:57:37.549Z] <<< [apiv2][status] GET https://firebase.googleapis.com/v1beta1/projects 200
[debug] [2023-01-25T08:57:37.549Z] <<< [apiv2][body] GET https://firebase.googleapis.com/v1beta1/projects [omitted]
[info] i  Using project cat-gather (Cat-Gather) 
[info] 
=== Hosting Setup
[info] 
[info] Your public directory is the folder (relative to your project directory) that
[info] will contain Hosting assets to be uploaded with firebase deploy. If you
[info] have a build process for your assets, use your build's output directory.
[info] 
[debug] [2023-01-25T08:58:09.035Z] >>> [apiv2][query] GET https://www.gstatic.com/firebasejs/releases.json [none]
[debug] [2023-01-25T08:58:09.142Z] <<< [apiv2][status] GET https://www.gstatic.com/firebasejs/releases.json 200
[debug] [2023-01-25T08:58:09.142Z] <<< [apiv2][body] GET https://www.gstatic.com/firebasejs/releases.json {"current":{"version":"9.16.0","browserURL":"https://www.gstatic.com/firebasejs/9.16.0/firebase.js","packageURL":"https://www.gstatic.com/firebasejs/9.16.0/firebase.tgz"},"live":{"version":"9.16","browserURL":"https://www.gstatic.com/firebasejs/live/9.16/firebase.js","packageURL":"https://www.gstatic.com/firebasejs/live/9.16/firebase.tgz"},"components":{"analytics":"https://www.gstatic.com/firebasejs/9.16.0/firebase-analytics.js","app":"https://www.gstatic.com/firebasejs/9.16.0/firebase-app.js","app-check":"https://www.gstatic.com/firebasejs/9.16.0/firebase-app-check.js","auth":"https://www.gstatic.com/firebasejs/9.16.0/firebase-auth.js","auth/cordova":"https://www.gstatic.com/firebasejs/9.16.0/firebase-auth/cordova.js","auth/react-native":"https://www.gstatic.com/firebasejs/9.16.0/firebase-auth/react-native.js","functions":"https://www.gstatic.com/firebasejs/9.16.0/firebase-functions.js","firestore":"https://www.gstatic.com/firebasejs/9.16.0/firebase-firestore.js","firestore/lite":"https://www.gstatic.com/firebasejs/9.16.0/firebase-firestore/lite.js","installations":"https://www.gstatic.com/firebasejs/9.16.0/firebase-installations.js","storage":"https://www.gstatic.com/firebasejs/9.16.0/firebase-storage.js","performance":"https://www.gstatic.com/firebasejs/9.16.0/firebase-performance.js","remote-config":"https://www.gstatic.com/firebasejs/9.16.0/firebase-remote-config.js","messaging":"https://www.gstatic.com/firebasejs/9.16.0/firebase-messaging.js","messaging/sw":"https://www.gstatic.com/firebasejs/9.16.0/firebase-messaging/sw.js","database":"https://www.gstatic.com/firebasejs/9.16.0/firebase-database.js","firestore.memory":"https://www.gstatic.com/firebasejs/9.16.0/firebase-firestore.memory.js"}}
[info] i  Skipping write of dist/index.html 
[info] 
[info] i  Detected a .git folder at /Users/huitingchiu/Desktop/wehelp 
[info] i  Authorizing with GitHub to upload your service account to a GitHub repository's secrets store. 
[info] 
[info] Visit this URL on this device to log in:
[info] https://github.com/login/oauth/authorize?client_id=89cf50f02ac6aaed3484&state=542125527&redirect_uri=http%3A%2F%2Flocalhost%3A9005&scope=read%3Auser%20repo%20public_repo
[info] 
[info] Waiting for authentication...
[debug] [2023-01-25T08:58:13.941Z] >>> [apiv2][query] POST https://github.com/login/oauth/access_token [none]
[debug] [2023-01-25T08:58:13.942Z] >>> [apiv2][body] POST https://github.com/login/oauth/access_token [stream]
[debug] [2023-01-25T08:58:14.456Z] <<< [apiv2][status] POST https://github.com/login/oauth/access_token 200
[debug] [2023-01-25T08:58:14.457Z] <<< [apiv2][body] POST https://github.com/login/oauth/access_token {"access_token":"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","token_type":"bearer","scope":"read:user,repo"}
[debug] [2023-01-25T08:58:14.462Z] >>> [apiv2][query] GET https://api.github.com/user [none]
[debug] [2023-01-25T08:58:14.932Z] <<< [apiv2][status] GET https://api.github.com/user 200
[debug] [2023-01-25T08:58:14.933Z] <<< [apiv2][body] GET https://api.github.com/user {"login":"HuinChiu","id":107243623,"node_id":"U_kgDOBmRoZw","avatar_url":"https://avatars.githubusercontent.com/u/107243623?v=4","gravatar_id":"","url":"https://api.github.com/users/HuinChiu","html_url":"https://github.com/HuinChiu","followers_url":"https://api.github.com/users/HuinChiu/followers","following_url":"https://api.github.com/users/HuinChiu/following{/other_user}","gists_url":"https://api.github.com/users/HuinChiu/gists{/gist_id}","starred_url":"https://api.github.com/users/HuinChiu/starred{/owner}{/repo}","subscriptions_url":"https://api.github.com/users/HuinChiu/subscriptions","organizations_url":"https://api.github.com/users/HuinChiu/orgs","repos_url":"https://api.github.com/users/HuinChiu/repos","events_url":"https://api.github.com/users/HuinChiu/events{/privacy}","received_events_url":"https://api.github.com/users/HuinChiu/received_events","type":"User","site_admin":false,"name":null,"company":null,"blog":"","location":null,"email":null,"hireable":null,"bio":null,"twitter_username":"hi_chiu_Stacy","public_repos":8,"public_gists":0,"followers":0,"following":1,"created_at":"2022-06-10T07:39:05Z","updated_at":"2022-12-16T12:43:09Z","private_gists":0,"total_private_repos":1,"owned_private_repos":1,"disk_usage":17154,"collaborators":3,"two_factor_authentication":false,"plan":{"name":"free","space":976562499,"collaborators":0,"private_repos":10000}}
[info] 
[info] ✔  Success! Logged into GitHub as HuinChiu 
[info] 
